0 info it worked if it ends with ok
1 verbose cli [ 'node', '/usr/local/bin/npm', 'install', 'simpleStorage' ]
2 info using npm@2.10.1
3 info using node@v0.12.4
4 verbose node symlink /usr/local/bin/node
5 verbose install initial load of /Users/guitargrl600/Documents/WDI/Projects/final-project-front/package.json
6 verbose installManyTop reading scoped package data from /Users/guitargrl600/Documents/WDI/Projects/final-project-front/node_modules/bootstrap/package.json
7 verbose readDependencies loading dependencies from /Users/guitargrl600/Documents/WDI/Projects/final-project-front/package.json
8 silly cache add args [ 'simpleStorage', null ]
9 verbose cache add spec simpleStorage
10 silly cache add parsed spec { raw: 'simpleStorage',
10 silly cache add   scope: null,
10 silly cache add   name: 'simpleStorage',
10 silly cache add   rawSpec: '',
10 silly cache add   spec: '*',
10 silly cache add   type: 'range' }
11 silly addNamed simpleStorage@*
12 verbose addNamed "*" is a valid semver range for simpleStorage
13 silly addNameRange { name: 'simpleStorage', range: '*', hasData: false }
14 silly mapToRegistry name simpleStorage
15 silly mapToRegistry using default registry
16 silly mapToRegistry registry https://registry.npmjs.org/
17 silly mapToRegistry uri https://registry.npmjs.org/simpleStorage
18 verbose addNameRange registry:https://registry.npmjs.org/simpleStorage not in flight; fetching
19 verbose request uri https://registry.npmjs.org/simpleStorage
20 verbose request no auth needed
21 info attempt registry request try #1 at 13:34:39
22 verbose request id e7b998cee7d1aa89
23 http request GET https://registry.npmjs.org/simpleStorage
24 http 404 https://registry.npmjs.org/simpleStorage
25 verbose headers { 'content-type': 'application/json',
25 verbose headers   'cache-control': 'max-age=0',
25 verbose headers   'content-length': '2',
25 verbose headers   'accept-ranges': 'bytes',
25 verbose headers   date: 'Mon, 07 Sep 2015 17:34:38 GMT',
25 verbose headers   via: '1.1 varnish',
25 verbose headers   age: '0',
25 verbose headers   connection: 'keep-alive',
25 verbose headers   'x-served-by': 'cache-jfk1021-JFK',
25 verbose headers   'x-cache': 'MISS',
25 verbose headers   'x-cache-hits': '0',
25 verbose headers   'x-timer': 'S1441647278.584677,VS0,VE90' }
26 silly get cb [ 404,
26 silly get   { 'content-type': 'application/json',
26 silly get     'cache-control': 'max-age=0',
26 silly get     'content-length': '2',
26 silly get     'accept-ranges': 'bytes',
26 silly get     date: 'Mon, 07 Sep 2015 17:34:38 GMT',
26 silly get     via: '1.1 varnish',
26 silly get     age: '0',
26 silly get     connection: 'keep-alive',
26 silly get     'x-served-by': 'cache-jfk1021-JFK',
26 silly get     'x-cache': 'MISS',
26 silly get     'x-cache-hits': '0',
26 silly get     'x-timer': 'S1441647278.584677,VS0,VE90' } ]
27 verbose stack Error: Registry returned 404 for GET on https://registry.npmjs.org/simpleStorage
27 verbose stack     at CachingRegistryClient.<anonymous> (/usr/local/lib/node_modules/npm/node_modules/npm-registry-client/lib/request.js:239:14)
27 verbose stack     at Request._callback (/usr/local/lib/node_modules/npm/node_modules/npm-registry-client/lib/request.js:170:14)
27 verbose stack     at Request.self.callback (/usr/local/lib/node_modules/npm/node_modules/request/request.js:368:22)
27 verbose stack     at Request.emit (events.js:110:17)
27 verbose stack     at Request.<anonymous> (/usr/local/lib/node_modules/npm/node_modules/request/request.js:1219:14)
27 verbose stack     at Request.emit (events.js:129:20)
27 verbose stack     at IncomingMessage.<anonymous> (/usr/local/lib/node_modules/npm/node_modules/request/request.js:1167:12)
27 verbose stack     at IncomingMessage.emit (events.js:129:20)
27 verbose stack     at _stream_readable.js:908:16
27 verbose stack     at process._tickCallback (node.js:355:11)
28 verbose statusCode 404
29 verbose pkgid simpleStorage
30 verbose cwd /Users/guitargrl600/Documents/WDI/Projects/final-project-front
31 error Darwin 14.4.0
32 error argv "node" "/usr/local/bin/npm" "install" "simpleStorage"
33 error node v0.12.4
34 error npm  v2.10.1
35 error code E404
36 error 404 Registry returned 404 for GET on https://registry.npmjs.org/simpleStorage
36 error 404
36 error 404 'simpleStorage' is not in the npm registry.
36 error 404 You should bug the author to publish it (or use the name yourself!)
36 error 404
36 error 404 Note that you can also install from a
36 error 404 tarball, folder, http url, or git url.
37 verbose exit [ 1, true ]
